<?xml version="1.0" encoding="UTF-8"?>
<testng-results total="1" passed="1" failed="0" skipped="0">
  <reporter-output>
  </reporter-output>
  <suite started-at="2021-05-29T05:38:15Z" name="Default suite" finished-at="2021-05-29T05:39:06Z" duration-ms="51333">
    <groups>
    </groups>
    <test started-at="2021-05-29T05:38:15Z" name="Default test" finished-at="2021-05-29T05:39:06Z" duration-ms="51333">
      <class name="com.envision.test.tests.a7test">
        <test-method is-config="true" signature="beforeAnythingElse()[pri:0, instance:com.envision.test.tests.a7test@5117dd67]" started-at="2021-05-29T01:38:15Z" name="beforeAnythingElse" finished-at="2021-05-29T01:38:15Z" duration-ms="10" status="PASS">
          <reporter-output>
          </reporter-output>
        </test-method> <!-- beforeAnythingElse -->
        <test-method is-config="true" signature="beforeClass()[pri:0, instance:com.envision.test.tests.a7test@5117dd67]" started-at="2021-05-29T01:38:15Z" name="beforeClass" finished-at="2021-05-29T01:38:15Z" duration-ms="3" status="PASS">
          <reporter-output>
          </reporter-output>
        </test-method> <!-- beforeClass -->
        <test-method is-config="true" signature="beforeMethod()[pri:0, instance:com.envision.test.tests.a7test@5117dd67]" started-at="2021-05-29T01:38:15Z" name="beforeMethod" finished-at="2021-05-29T01:38:16Z" duration-ms="1433" status="PASS">
          <reporter-output>
          </reporter-output>
        </test-method> <!-- beforeMethod -->
        <test-method signature="doTest1()[pri:0, instance:com.envision.test.tests.a7test@5117dd67]" started-at="2021-05-29T01:38:16Z" name="doTest1" finished-at="2021-05-29T01:39:06Z" duration-ms="49836" status="PASS">
          <reporter-output>
          </reporter-output>
        </test-method> <!-- doTest1 -->
        <test-method is-config="true" signature="afterMethod()[pri:0, instance:com.envision.test.tests.a7test@5117dd67]" started-at="2021-05-29T01:39:06Z" name="afterMethod" finished-at="2021-05-29T01:39:06Z" duration-ms="49" status="PASS">
          <reporter-output>
          </reporter-output>
        </test-method> <!-- afterMethod -->
      </class> <!-- com.envision.test.tests.a7test -->
    </test> <!-- Default test -->
  </suite> <!-- Default suite -->
</testng-results>
